[2022-11-12T19:07:12.235+1100] {taskinstance.py:1165} INFO - Dependencies all met for <TaskInstance: tutorial_etl_dag.extract manual__2022-11-12T08:07:10.986763+00:00 [queued]>
[2022-11-12T19:07:12.253+1100] {taskinstance.py:1165} INFO - Dependencies all met for <TaskInstance: tutorial_etl_dag.extract manual__2022-11-12T08:07:10.986763+00:00 [queued]>
[2022-11-12T19:07:12.253+1100] {taskinstance.py:1362} INFO - 
--------------------------------------------------------------------------------
[2022-11-12T19:07:12.254+1100] {taskinstance.py:1363} INFO - Starting attempt 1 of 1
[2022-11-12T19:07:12.254+1100] {taskinstance.py:1364} INFO - 
--------------------------------------------------------------------------------
[2022-11-12T19:07:12.270+1100] {taskinstance.py:1383} INFO - Executing <Task(PythonOperator): extract> on 2022-11-12 08:07:10.986763+00:00
[2022-11-12T19:07:12.271+1100] {standard_task_runner.py:55} INFO - Started process 10189 to run task
[2022-11-12T19:07:12.275+1100] {standard_task_runner.py:82} INFO - Running: ['airflow', 'tasks', 'run', 'tutorial_etl_dag', 'extract', 'manual__2022-11-12T08:07:10.986763+00:00', '--job-id', '10', '--raw', '--subdir', 'DAGS_FOLDER/test_etl_dag.py', '--cfg-path', '/tmp/tmpmp9rnyt7']
[2022-11-12T19:07:12.276+1100] {standard_task_runner.py:83} INFO - Job 10: Subtask extract
[2022-11-12T19:07:12.322+1100] {task_command.py:376} INFO - Running <TaskInstance: tutorial_etl_dag.extract manual__2022-11-12T08:07:10.986763+00:00 [running]> on host Winson.
[2022-11-12T19:07:12.383+1100] {taskinstance.py:1590} INFO - Exporting the following env vars:
AIRFLOW_CTX_DAG_OWNER=airflow
AIRFLOW_CTX_DAG_ID=tutorial_etl_dag
AIRFLOW_CTX_TASK_ID=extract
AIRFLOW_CTX_EXECUTION_DATE=2022-11-12T08:07:10.986763+00:00
AIRFLOW_CTX_TRY_NUMBER=1
AIRFLOW_CTX_DAG_RUN_ID=manual__2022-11-12T08:07:10.986763+00:00
[2022-11-12T19:07:12.417+1100] {python.py:177} INFO - Done. Returned value was: None
[2022-11-12T19:07:12.423+1100] {taskinstance.py:1401} INFO - Marking task as SUCCESS. dag_id=tutorial_etl_dag, task_id=extract, execution_date=20221112T080710, start_date=20221112T080712, end_date=20221112T080712
[2022-11-12T19:07:12.488+1100] {local_task_job.py:164} INFO - Task exited with return code 0
[2022-11-12T19:07:12.517+1100] {local_task_job.py:273} INFO - 1 downstream tasks scheduled from follow-on schedule check
