[2022-11-12T18:59:07.903+1100] {taskinstance.py:1165} INFO - Dependencies all met for <TaskInstance: hello_world.hello_task scheduled__2022-11-10T12:00:00+00:00 [queued]>
[2022-11-12T18:59:07.913+1100] {taskinstance.py:1165} INFO - Dependencies all met for <TaskInstance: hello_world.hello_task scheduled__2022-11-10T12:00:00+00:00 [queued]>
[2022-11-12T18:59:07.913+1100] {taskinstance.py:1362} INFO - 
--------------------------------------------------------------------------------
[2022-11-12T18:59:07.913+1100] {taskinstance.py:1363} INFO - Starting attempt 1 of 1
[2022-11-12T18:59:07.913+1100] {taskinstance.py:1364} INFO - 
--------------------------------------------------------------------------------
[2022-11-12T18:59:07.928+1100] {taskinstance.py:1383} INFO - Executing <Task(PythonOperator): hello_task> on 2022-11-10 12:00:00+00:00
[2022-11-12T18:59:07.930+1100] {standard_task_runner.py:55} INFO - Started process 9596 to run task
[2022-11-12T18:59:07.933+1100] {standard_task_runner.py:82} INFO - Running: ['airflow', 'tasks', 'run', 'hello_world', 'hello_task', 'scheduled__2022-11-10T12:00:00+00:00', '--job-id', '7', '--raw', '--subdir', 'DAGS_FOLDER/dag_one.py', '--cfg-path', '/tmp/tmprr4afp6i']
[2022-11-12T18:59:07.934+1100] {standard_task_runner.py:83} INFO - Job 7: Subtask hello_task
[2022-11-12T18:59:07.990+1100] {task_command.py:376} INFO - Running <TaskInstance: hello_world.hello_task scheduled__2022-11-10T12:00:00+00:00 [running]> on host Winson.
[2022-11-12T18:59:08.039+1100] {taskinstance.py:1590} INFO - Exporting the following env vars:
AIRFLOW_CTX_DAG_OWNER=airflow
AIRFLOW_CTX_DAG_ID=hello_world
AIRFLOW_CTX_TASK_ID=hello_task
AIRFLOW_CTX_EXECUTION_DATE=2022-11-10T12:00:00+00:00
AIRFLOW_CTX_TRY_NUMBER=1
AIRFLOW_CTX_DAG_RUN_ID=scheduled__2022-11-10T12:00:00+00:00
[2022-11-12T18:59:08.039+1100] {python.py:177} INFO - Done. Returned value was: Hello world from first Airflow DAG!
[2022-11-12T18:59:08.054+1100] {taskinstance.py:1401} INFO - Marking task as SUCCESS. dag_id=hello_world, task_id=hello_task, execution_date=20221110T120000, start_date=20221112T075907, end_date=20221112T075908
[2022-11-12T18:59:08.106+1100] {local_task_job.py:164} INFO - Task exited with return code 0
[2022-11-12T18:59:08.119+1100] {local_task_job.py:273} INFO - 0 downstream tasks scheduled from follow-on schedule check
