[2022-11-12T19:07:14.069+1100] {taskinstance.py:1165} INFO - Dependencies all met for <TaskInstance: tutorial_etl_dag.transform manual__2022-11-12T08:07:10.986763+00:00 [queued]>
[2022-11-12T19:07:14.080+1100] {taskinstance.py:1165} INFO - Dependencies all met for <TaskInstance: tutorial_etl_dag.transform manual__2022-11-12T08:07:10.986763+00:00 [queued]>
[2022-11-12T19:07:14.081+1100] {taskinstance.py:1362} INFO - 
--------------------------------------------------------------------------------
[2022-11-12T19:07:14.081+1100] {taskinstance.py:1363} INFO - Starting attempt 1 of 1
[2022-11-12T19:07:14.081+1100] {taskinstance.py:1364} INFO - 
--------------------------------------------------------------------------------
[2022-11-12T19:07:14.096+1100] {taskinstance.py:1383} INFO - Executing <Task(PythonOperator): transform> on 2022-11-12 08:07:10.986763+00:00
[2022-11-12T19:07:14.098+1100] {standard_task_runner.py:55} INFO - Started process 10192 to run task
[2022-11-12T19:07:14.101+1100] {standard_task_runner.py:82} INFO - Running: ['airflow', 'tasks', 'run', 'tutorial_etl_dag', 'transform', 'manual__2022-11-12T08:07:10.986763+00:00', '--job-id', '11', '--raw', '--subdir', 'DAGS_FOLDER/test_etl_dag.py', '--cfg-path', '/tmp/tmpxjmiv5n5']
[2022-11-12T19:07:14.102+1100] {standard_task_runner.py:83} INFO - Job 11: Subtask transform
[2022-11-12T19:07:14.153+1100] {task_command.py:376} INFO - Running <TaskInstance: tutorial_etl_dag.transform manual__2022-11-12T08:07:10.986763+00:00 [running]> on host Winson.
[2022-11-12T19:07:14.219+1100] {taskinstance.py:1590} INFO - Exporting the following env vars:
AIRFLOW_CTX_DAG_OWNER=airflow
AIRFLOW_CTX_DAG_ID=tutorial_etl_dag
AIRFLOW_CTX_TASK_ID=transform
AIRFLOW_CTX_EXECUTION_DATE=2022-11-12T08:07:10.986763+00:00
AIRFLOW_CTX_TRY_NUMBER=1
AIRFLOW_CTX_DAG_RUN_ID=manual__2022-11-12T08:07:10.986763+00:00
[2022-11-12T19:07:14.237+1100] {python.py:177} INFO - Done. Returned value was: None
[2022-11-12T19:07:14.240+1100] {taskinstance.py:1401} INFO - Marking task as SUCCESS. dag_id=tutorial_etl_dag, task_id=transform, execution_date=20221112T080710, start_date=20221112T080714, end_date=20221112T080714
[2022-11-12T19:07:14.274+1100] {local_task_job.py:164} INFO - Task exited with return code 0
[2022-11-12T19:07:14.298+1100] {local_task_job.py:273} INFO - 1 downstream tasks scheduled from follow-on schedule check
